################################# 
################################# 
DX11Engine 
2018-09-20 
19:41
v0.09
################################# 
DX11Engine 
2018-09-20 
21:00
v0.10
################################# 
DX11Engine 
2018-09-20 
21:23
v0.10a
################################# 
DX11Engine 
2018-09-20 
21:25
v0.10a
################################# 
DX11Engine 
2018-09-21 
18:38
v0.10b
################################# 
DX11Engine 
2018-09-24 
12:26
v0.10c
################################# 
DX11Engine 
2018-09-24 
13:51
v0.10d
################################# 
DX11Engine 
2018-09-24 
14:17
v0.11
################################# 
DX11Engine 
2018-09-25 
16:26
v0.11!
################################# 
DX11Engine 
2018-09-25 
16:26
v0.11!
################################# 
DX11Engine 
2018-09-25 
17:26
v0.11a
################################# 
DX11Engine 
2018-09-25 
17:27
v0.11b
################################# 
DX11Engine 
2018-09-25 
17:38
v0.11c
################################# 
DX11Engine 
2018-09-25 
17:43
v0.11c
################################# 
DX11Engine 
2018-09-25 
17:55
v0.11d
################################# 
DX11Engine 
2018-09-26 
09:33
v0.11d!
################################# 
DX11Engine 
2018-09-26 
10:32
v0.12
################################# 
DX11Engine 
2018-09-26 
17:21
V0.12!
################################# 
DX11Engine 
2018-09-26 
17:22
v0.12!
################################# 
DX11Engine 
2018-09-26 
17:51
v0.12a
################################# 
DX11Engine 
2018-09-26 
18:14
v0.12b
################################# 
DX11Engine 
2018-09-26 
18:29
v0.12c
################################# 
DX11Engine 
2018-09-26 
19:52
v0.12d
################################# 
################################# 
DX11Engine 
2018-09-26 
20:41
v0.12e
################################# 
################################# 
DX11Engine 
2018-09-26 
23:45
v0.13
################################# 
DX11Engine 
2018-09-27 
15:45
v0.13a
